<?xml version="1.0" encoding="UTF-8"?>
<!-- Generated by org.testng.reporters.JUnitReportReporter -->
<testsuite hostname="LAPTOP-7QF7JTFA" failures="0" tests="3" name="com.pages.TC.HomePageRunner" time="25.077" errors="0" timestamp="2025-07-07T18:12:16 IST" skipped="0">
  <testcase classname="com.pages.TC.HomePageRunner" name="allDropdownButtonClickableAndFunctional" time="7.985"/>
  <testcase classname="com.pages.TC.HomePageRunner" name="verifyLogoButtonFunctional" time="9.335"/>
  <testcase classname="com.pages.TC.HomePageRunner" name="verifyUpdateLocationButton" time="7.757"/>
</testsuite> <!-- com.pages.TC.HomePageRunner -->
