<?xml version="1.0" encoding="UTF-8"?>
<!-- Generated by org.testng.reporters.JUnitReportReporter -->
<testsuite hostname="LAPTOP-7QF7JTFA" failures="0" tests="3" name="com.pages.TC.HomePageRunner" time="33.063" errors="0" timestamp="2025-07-08T11:22:16 IST" skipped="0">
  <testcase classname="com.pages.TC.HomePageRunner" name="verifyUpdateLocationButton" time="9.617"/>
  <testcase classname="com.pages.TC.HomePageRunner" name="verifyLogoButtonFunctional" time="14.095"/>
  <testcase classname="com.pages.TC.HomePageRunner" name="allDropdownButtonClickableAndFunctional" time="9.351"/>
</testsuite> <!-- com.pages.TC.HomePageRunner -->
